<?xml version="1.0" encoding="UTF-8"?>
<!-- Generated by org.testng.reporters.JUnitReportReporter -->
<testsuite hostname="DESKTOP-VGOI0H2" failures="0" tests="3" name="seleniumtest1.Promotions" time="49.859" errors="0" timestamp="2023-11-13T19:41:30 IST" skipped="0">
  <testcase classname="seleniumtest1.Promotions" name="open_url" time="5.602"/>
  <testcase classname="seleniumtest1.Promotions" name="loginpage" time="32.647"/>
  <testcase classname="seleniumtest1.Promotions" name="menumanagement_menu" time="11.610"/>
</testsuite> <!-- seleniumtest1.Promotions -->
