<?xml version="1.0" encoding="UTF-8"?>
<!-- Generated by org.testng.reporters.JUnitReportReporter -->
<testsuite hostname="DESKTOP-VGOI0H2" failures="0" tests="5" name="seleniumtest1.Menumanagement" time="65.667" errors="0" timestamp="2023-10-13T00:20:03 IST" skipped="0">
  <testcase classname="seleniumtest1.Menumanagement" name="open_url" time="5.018"/>
  <testcase classname="seleniumtest1.Menumanagement" name="loginpage" time="28.553"/>
  <testcase classname="seleniumtest1.Menumanagement" name="menumanagement_menu" time="6.916"/>
  <testcase classname="seleniumtest1.Menumanagement" name="categoriesadd" time="12.576"/>
  <testcase classname="seleniumtest1.Menumanagement" name="productadd" time="12.604"/>
</testsuite> <!-- seleniumtest1.Menumanagement -->
