<?xml version="1.0" encoding="UTF-8"?>
<!-- Generated by org.testng.reporters.JUnitReportReporter -->
<testsuite hostname="DESKTOP-VGOI0H2" failures="0" tests="3" name="seleniumtest1.Merchant1registrationpage" time="98.402" errors="0" timestamp="2023-11-14T17:05:03 IST" skipped="0">
  <testcase classname="seleniumtest1.Merchant1registrationpage" name="open_url" time="56.731"/>
  <testcase classname="seleniumtest1.Merchant1registrationpage" name="useraccount_1" time="25.008"/>
  <testcase classname="seleniumtest1.Merchant1registrationpage" name="useraccount_2" time="16.663"/>
</testsuite> <!-- seleniumtest1.Merchant1registrationpage -->
