<?xml version="1.0" encoding="UTF-8"?>
<!-- Generated by org.testng.reporters.JUnitReportReporter -->
<testsuite hostname="DESKTOP-VGOI0H2" failures="0" tests="1" name="Ellmenustest2.Ellreview1" time="22.132" errors="0" timestamp="2023-11-02T19:30:56 IST" skipped="0">
  <testcase classname="Ellmenustest2.Ellreview1" name="open_url" time="22.132"/>
</testsuite> <!-- Ellmenustest2.Ellreview1 -->
