<?xml version="1.0" encoding="UTF-8"?>
<!-- Generated by org.testng.reporters.JUnitReportReporter -->
<testsuite hostname="DESKTOP-VGOI0H2" failures="0" tests="3" name="Ellmenustest2.reseraccountrajbhog2" time="112.977" errors="0" timestamp="2023-11-07T15:39:34 IST" skipped="0">
  <testcase classname="Ellmenustest2.reseraccountrajbhog2" name="open_url" time="47.095"/>
  <testcase classname="Ellmenustest2.reseraccountrajbhog2" name="openreservationpage" time="35.307"/>
  <testcase classname="Ellmenustest2.reseraccountrajbhog2" name="openreservationpage1" time="30.575"/>
</testsuite> <!-- Ellmenustest2.reseraccountrajbhog2 -->
