<?xml version="1.0" encoding="UTF-8"?>
<!-- Generated by org.testng.reporters.JUnitReportReporter -->
<testsuite hostname="DESKTOP-VGOI0H2" failures="0" tests="2" name="seleniumtest1.Reviewpagetest" time="52.416" errors="0" timestamp="2023-10-09T00:23:52 IST" skipped="0">
  <testcase classname="seleniumtest1.Reviewpagetest" name="open_url" time="20.034"/>
  <testcase classname="seleniumtest1.Reviewpagetest" name="openview_page" time="32.382"/>
</testsuite> <!-- seleniumtest1.Reviewpagetest -->
