<?xml version="1.0" encoding="UTF-8"?>
<!-- Generated by org.testng.reporters.JUnitReportReporter -->
<testsuite hostname="DESKTOP-VGOI0H2" failures="0" tests="4" name="seleniumtest1.Reviewpagetest" time="71.456" errors="0" timestamp="2023-10-09T03:15:41 IST" skipped="0">
  <testcase classname="seleniumtest1.Reviewpagetest" name="open_url" time="4.993"/>
  <testcase classname="seleniumtest1.Reviewpagetest" name="openview_page" time="29.607"/>
  <testcase classname="seleniumtest1.Reviewpagetest" name="cart_value" time="20.827"/>
  <testcase classname="seleniumtest1.Reviewpagetest" name="cart_payment" time="16.029"/>
</testsuite> <!-- seleniumtest1.Reviewpagetest -->
