<?xml version="1.0" encoding="UTF-8"?>
<!-- Generated by org.testng.reporters.JUnitReportReporter -->
<testsuite hostname="DESKTOP-VGOI0H2" failures="0" tests="4" name="seleniumtest1.Reviewpagetest" time="199.812" errors="0" timestamp="2023-11-14T17:05:04 IST" skipped="0">
  <testcase classname="seleniumtest1.Reviewpagetest" name="open_url" time="17.844"/>
  <testcase classname="seleniumtest1.Reviewpagetest" name="openview_page" time="108.333"/>
  <testcase classname="seleniumtest1.Reviewpagetest" name="cart_value" time="43.184"/>
  <testcase classname="seleniumtest1.Reviewpagetest" name="cart_payment" time="30.451"/>
</testsuite> <!-- seleniumtest1.Reviewpagetest -->
