<?xml version="1.0" encoding="UTF-8"?>
<!-- Generated by org.testng.reporters.JUnitReportReporter -->
<testsuite hostname="DESKTOP-VGOI0H2" failures="0" tests="3" name="seleniumtest1.Part1" time="63.695" errors="0" timestamp="2023-10-04T00:20:02 IST" skipped="0">
  <testcase classname="seleniumtest1.Part1" name="open_url" time="7.873"/>
  <testcase classname="seleniumtest1.Part1" name="openpage" time="26.331"/>
  <testcase classname="seleniumtest1.Part1" name="registration" time="29.491"/>
</testsuite> <!-- seleniumtest1.Part1 -->
