<?xml version="1.0" encoding="UTF-8"?>
<!-- Generated by org.testng.reporters.JUnitReportReporter -->
<testsuite hostname="DESKTOP-VGOI0H2" failures="0" tests="5" name="ellmenusproject1suit.reservatsetting2$Reservationsettingpage" time="118.631" errors="0" timestamp="2023-11-09T22:24:21 IST" skipped="0">
  <testcase classname="ellmenusproject1suit.reservatsetting2$Reservationsettingpage" name="open_url" time="36.862"/>
  <testcase classname="ellmenusproject1suit.reservatsetting2$Reservationsettingpage" name="openreservationpage" time="23.216"/>
  <testcase classname="ellmenusproject1suit.reservatsetting2$Reservationsettingpage" name="openpayment" time="18.564"/>
  <testcase classname="ellmenusproject1suit.reservatsetting2$Reservationsettingpage" name="openreservatio1" time="23.356"/>
  <testcase classname="ellmenusproject1suit.reservatsetting2$Reservationsettingpage" name="openviewpage" time="16.633"/>
</testsuite> <!-- ellmenusproject1suit.reservatsetting2$Reservationsettingpage -->
