<?xml version="1.0" encoding="UTF-8"?>
<!-- Generated by org.testng.reporters.JUnitReportReporter -->
<testsuite hostname="DESKTOP-VGOI0H2" failures="0" tests="3" name="seleniumtest1.Part1" time="82.773" errors="0" timestamp="2023-10-19T16:48:46 IST" skipped="0">
  <testcase classname="seleniumtest1.Part1" name="open_url" time="13.641"/>
  <testcase classname="seleniumtest1.Part1" name="openpage" time="38.985"/>
  <testcase classname="seleniumtest1.Part1" name="registration" time="30.147"/>
</testsuite> <!-- seleniumtest1.Part1 -->
