<?xml version="1.0" encoding="UTF-8"?>
<!-- Generated by org.testng.reporters.JUnitReportReporter -->
<testsuite hostname="DESKTOP-VGOI0H2" failures="0" tests="3" name="seleniumtest1.Todaymenuquick" time="56.088" errors="0" timestamp="2023-11-14T17:05:04 IST" skipped="0">
  <testcase classname="seleniumtest1.Todaymenuquick" name="open_url" time="5.298"/>
  <testcase classname="seleniumtest1.Todaymenuquick" name="opentoday_menu" time="46.297"/>
  <testcase classname="seleniumtest1.Todaymenuquick" name="opentoday_qucikmenu" time="4.493"/>
</testsuite> <!-- seleniumtest1.Todaymenuquick -->
