<?xml version="1.0" encoding="UTF-8"?>
<!-- Generated by org.testng.reporters.JUnitReportReporter -->
<testsuite hostname="DESKTOP-VGOI0H2" failures="0" tests="1" name="Ellmenustest2.Ellreview1" time="18.476" errors="0" timestamp="2023-10-19T15:46:50 IST" skipped="0">
  <testcase classname="Ellmenustest2.Ellreview1" name="open_url" time="18.476"/>
</testsuite> <!-- Ellmenustest2.Ellreview1 -->
