<?xml version="1.0" encoding="UTF-8"?>
<!-- Generated by org.testng.reporters.JUnitReportReporter -->
<testsuite hostname="DESKTOP-VGOI0H2" failures="0" tests="3" name="seleniumtest1.Todaymenuquick" time="34.781" errors="0" timestamp="2023-10-19T16:48:46 IST" skipped="0">
  <testcase classname="seleniumtest1.Todaymenuquick" name="open_url" time="3.635"/>
  <testcase classname="seleniumtest1.Todaymenuquick" name="opentoday_menu" time="26.838"/>
  <testcase classname="seleniumtest1.Todaymenuquick" name="opentoday_qucikmenu" time="4.308"/>
</testsuite> <!-- seleniumtest1.Todaymenuquick -->
