<?xml version="1.0" encoding="UTF-8"?>
<!-- Generated by org.testng.reporters.JUnitReportReporter -->
<testsuite hostname="DESKTOP-VGOI0H2" failures="0" tests="3" name="seleniumtest1.Eventbooking" time="60.750" errors="0" timestamp="2023-10-19T16:48:46 IST" skipped="0">
  <testcase classname="seleniumtest1.Eventbooking" name="open_url" time="21.974"/>
  <testcase classname="seleniumtest1.Eventbooking" name="openreservationpage" time="34.016"/>
  <testcase classname="seleniumtest1.Eventbooking" name="openreservationpage1" time="4.760"/>
</testsuite> <!-- seleniumtest1.Eventbooking -->
