<?xml version="1.0" encoding="UTF-8"?>
<!-- Generated by org.testng.reporters.JUnitReportReporter -->
<testsuite hostname="DESKTOP-VGOI0H2" failures="0" tests="3" name="seleniumtest1.Backendreservation1" time="103.734" errors="0" timestamp="2023-10-16T18:40:38 IST" skipped="0">
  <testcase classname="seleniumtest1.Backendreservation1" name="open_url" time="50.197"/>
  <testcase classname="seleniumtest1.Backendreservation1" name="openreservationpage1" time="29.172"/>
  <testcase classname="seleniumtest1.Backendreservation1" name="openreservationpage" time="24.365"/>
</testsuite> <!-- seleniumtest1.Backendreservation1 -->
