<?xml version="1.0" encoding="UTF-8"?>
<!-- Generated by org.testng.reporters.JUnitReportReporter -->
<testsuite hostname="DESKTOP-VGOI0H2" failures="0" tests="4" name="seleniumtest1.Frontreservation" time="54.728" errors="0" timestamp="2023-11-14T17:05:04 IST" skipped="0">
  <testcase classname="seleniumtest1.Frontreservation" name="open_url" time="4.702"/>
  <testcase classname="seleniumtest1.Frontreservation" name="openview_page" time="31.414"/>
  <testcase classname="seleniumtest1.Frontreservation" name="waitinglist" time="9.268"/>
  <testcase classname="seleniumtest1.Frontreservation" name="eventlist" time="9.344"/>
</testsuite> <!-- seleniumtest1.Frontreservation -->
