<?xml version="1.0" encoding="UTF-8"?>
<!-- Generated by org.testng.reporters.JUnitReportReporter -->
<testsuite hostname="DESKTOP-VGOI0H2" failures="0" tests="6" name="seleniumtest1.Menumanagement" time="73.735" errors="0" timestamp="2023-10-19T16:48:46 IST" skipped="0">
  <testcase classname="seleniumtest1.Menumanagement" name="open_url" time="3.030"/>
  <testcase classname="seleniumtest1.Menumanagement" name="loginpage" time="37.734"/>
  <testcase classname="seleniumtest1.Menumanagement" name="menumanagement_menu" time="7.527"/>
  <testcase classname="seleniumtest1.Menumanagement" name="productadd" time="15.741"/>
  <testcase classname="seleniumtest1.Menumanagement" name="productadd1" time="8.072"/>
  <testcase classname="seleniumtest1.Menumanagement" name="productadd2" time="1.631"/>
</testsuite> <!-- seleniumtest1.Menumanagement -->
