<?xml version="1.0" encoding="UTF-8"?>
<!-- Generated by org.testng.reporters.JUnitReportReporter -->
<testsuite hostname="DESKTOP-VGOI0H2" failures="0" tests="3" name="seleniumtest1.Merchant1registrationpage" time="64.927" errors="0" timestamp="2023-10-19T16:48:46 IST" skipped="0">
  <testcase classname="seleniumtest1.Merchant1registrationpage" name="open_url" time="24.281"/>
  <testcase classname="seleniumtest1.Merchant1registrationpage" name="useraccount_1" time="24.176"/>
  <testcase classname="seleniumtest1.Merchant1registrationpage" name="useraccount_2" time="16.470"/>
</testsuite> <!-- seleniumtest1.Merchant1registrationpage -->
