<?xml version="1.0" encoding="UTF-8"?>
<!-- Generated by org.testng.reporters.JUnitReportReporter -->
<testsuite hostname="DESKTOP-VGOI0H2" failures="0" tests="3" name="seleniumtest1.Eventbooking" time="76.848" errors="0" timestamp="2023-11-14T17:05:04 IST" skipped="0">
  <testcase classname="seleniumtest1.Eventbooking" name="open_url" time="31.566"/>
  <testcase classname="seleniumtest1.Eventbooking" name="openreservationpage" time="41.755"/>
  <testcase classname="seleniumtest1.Eventbooking" name="openreservationpage1" time="3.527"/>
</testsuite> <!-- seleniumtest1.Eventbooking -->
