<?xml version="1.0" encoding="UTF-8"?>
<!-- Generated by org.testng.reporters.JUnitReportReporter -->
<testsuite hostname="DESKTOP-VGOI0H2" failures="0" tests="4" name="seleniumtest1.Reviewpagetest" time="73.889" errors="0" timestamp="2023-10-19T16:48:46 IST" skipped="0">
  <testcase classname="seleniumtest1.Reviewpagetest" name="open_url" time="3.365"/>
  <testcase classname="seleniumtest1.Reviewpagetest" name="openview_page" time="33.016"/>
  <testcase classname="seleniumtest1.Reviewpagetest" name="cart_value" time="20.155"/>
  <testcase classname="seleniumtest1.Reviewpagetest" name="cart_payment" time="17.353"/>
</testsuite> <!-- seleniumtest1.Reviewpagetest -->
