<?xml version="1.0" encoding="UTF-8"?>
<!-- Generated by org.testng.reporters.JUnitReportReporter -->
<testsuite hostname="DESKTOP-VGOI0H2" failures="0" tests="3" name="seleniumtest1.Backendreservation1" time="73.075" errors="0" timestamp="2023-10-19T16:48:46 IST" skipped="0">
  <testcase classname="seleniumtest1.Backendreservation1" name="open_url" time="6.847"/>
  <testcase classname="seleniumtest1.Backendreservation1" name="openreservationpage" time="35.307"/>
  <testcase classname="seleniumtest1.Backendreservation1" name="openreservationpage1" time="30.921"/>
</testsuite> <!-- seleniumtest1.Backendreservation1 -->
