<?xml version="1.0" encoding="UTF-8"?>
<!-- Generated by org.testng.reporters.JUnitReportReporter -->
<testsuite hostname="DESKTOP-VGOI0H2" failures="0" tests="6" name="seleniumtest1.Menumanagement" time="67.044" errors="0" timestamp="2023-10-14T18:27:00 IST" skipped="0">
  <testcase classname="seleniumtest1.Menumanagement" name="open_url" time="7.206"/>
  <testcase classname="seleniumtest1.Menumanagement" name="loginpage" time="30.345"/>
  <testcase classname="seleniumtest1.Menumanagement" name="menumanagement_menu" time="6.879"/>
  <testcase classname="seleniumtest1.Menumanagement" name="productadd" time="14.306"/>
  <testcase classname="seleniumtest1.Menumanagement" name="productadd1" time="7.159"/>
  <testcase classname="seleniumtest1.Menumanagement" name="productadd2" time="1.149"/>
</testsuite> <!-- seleniumtest1.Menumanagement -->
