<?xml version="1.0" encoding="UTF-8"?>
<!-- Generated by org.testng.reporters.JUnitReportReporter -->
<testsuite hostname="DESKTOP-VGOI0H2" failures="0" tests="3" name="seleniumtest1.Todaymenuquick" time="31.307" errors="0" timestamp="2023-10-12T19:47:18 IST" skipped="0">
  <testcase classname="seleniumtest1.Todaymenuquick" name="open_url" time="7.692"/>
  <testcase classname="seleniumtest1.Todaymenuquick" name="opentoday_menu" time="23.298"/>
  <testcase classname="seleniumtest1.Todaymenuquick" name="opentoday_qucikmenu" time="0.317"/>
</testsuite> <!-- seleniumtest1.Todaymenuquick -->
